{
  "RSpec": {
    "coverage": {
      "/home/emerson/Development/Ruby/bookshelf/app/models/author.rb": {
        "lines": [
          null,
          null,
          1,
          1,
          1,
          1,
          null,
          1,
          null,
          1,
          null,
          1,
          1,
          1,
          1,
          null
        ]
      },
      "/home/emerson/Development/Ruby/bookshelf/app/models/concerns/like_searchable.rb": {
        "lines": [
          null,
          null,
          1,
          1,
          null,
          1,
          2,
          0,
          null,
          null,
          null
        ]
      },
      "/home/emerson/Development/Ruby/bookshelf/app/models/concerns/paginatable.rb": {
        "lines": [
          null,
          null,
          1,
          1,
          null,
          1,
          1,
          null,
          1,
          2,
          3,
          3,
          3,
          3,
          null,
          null,
          null
        ]
      },
      "/home/emerson/Development/Ruby/bookshelf/app/models/concerns/genderable.rb": {
        "lines": [
          null,
          null,
          1,
          1,
          null,
          1,
          2,
          null,
          null,
          null,
          null,
          null
        ]
      },
      "/home/emerson/Development/Ruby/bookshelf/app/controllers/v1/authors_controller.rb": {
        "lines": [
          null,
          null,
          1,
          1,
          1,
          null,
          null,
          null,
          1,
          3,
          3,
          null,
          null,
          null,
          null,
          1,
          null,
          null,
          null,
          1,
          6,
          null,
          6,
          3,
          null,
          3,
          null,
          null,
          null,
          null,
          null,
          1,
          6,
          3,
          null,
          3,
          null,
          null,
          null,
          null,
          null,
          1,
          3,
          null,
          0,
          null,
          null,
          1,
          null,
          null,
          1,
          9,
          null,
          null,
          null,
          1,
          12,
          null,
          null,
          1,
          3,
          null,
          null,
          null
        ]
      },
      "/home/emerson/Development/Ruby/bookshelf/app/controllers/v1/api_controller.rb": {
        "lines": [
          null,
          null,
          1,
          1,
          1,
          null,
          1,
          1,
          null,
          null
        ]
      },
      "/home/emerson/Development/Ruby/bookshelf/app/controllers/application_controller.rb": {
        "lines": [
          null,
          null,
          1,
          1,
          null,
          1,
          null,
          1,
          0,
          null,
          null
        ]
      },
      "/home/emerson/Development/Ruby/bookshelf/app/controllers/concerns/authenticatable.rb": {
        "lines": [
          null,
          null,
          1,
          1,
          null,
          1,
          1,
          1,
          null,
          null
        ]
      },
      "/home/emerson/Development/Ruby/bookshelf/app/controllers/concerns/simple_error_renderable.rb": {
        "lines": [
          null,
          null,
          1,
          1,
          null,
          1,
          1,
          null,
          1,
          6,
          null,
          null,
          null
        ]
      },
      "/home/emerson/Development/Ruby/bookshelf/app/service/model_loading_service.rb": {
        "lines": [
          null,
          null,
          1,
          1,
          null,
          1,
          3,
          3,
          3,
          3,
          null,
          null,
          1,
          3,
          3,
          3,
          null,
          3,
          null,
          null,
          1,
          null,
          1,
          3,
          3,
          3,
          3,
          null,
          null,
          1,
          3,
          null,
          0,
          0,
          null,
          0,
          null,
          null,
          1,
          3,
          3,
          null,
          null,
          null
        ]
      },
      "/home/emerson/Development/Ruby/bookshelf/app/models/book.rb": {
        "lines": [
          null,
          null,
          1,
          1,
          1,
          1,
          null,
          1,
          1,
          null,
          1,
          1,
          1,
          1,
          1,
          null
        ]
      }
    },
    "timestamp": 1671383033
  }
}
