{
  "RSpec": {
    "coverage": {
      "/home/emerson/Development/Ruby/bookshelf/app/models/author.rb": {
        "lines": [
          null,
          null,
          1,
          1,
          null,
          1,
          null,
          null,
          null,
          null,
          1,
          1,
          1,
          1,
          null
        ]
      },
      "/home/emerson/Development/Ruby/bookshelf/app/controllers/v1/authors_controller.rb": {
        "lines": [
          null,
          null,
          1,
          1,
          1,
          null,
          null,
          null,
          1,
          2,
          null,
          null,
          null,
          null,
          1,
          null,
          null,
          null,
          1,
          6,
          null,
          6,
          3,
          null,
          3,
          null,
          null,
          null,
          null,
          null,
          1,
          6,
          3,
          null,
          3,
          null,
          null,
          null,
          null,
          null,
          1,
          3,
          null,
          0,
          null,
          null,
          1,
          null,
          null,
          1,
          9,
          null,
          null,
          null,
          1,
          12,
          null,
          null,
          null
        ]
      },
      "/home/emerson/Development/Ruby/bookshelf/app/controllers/v1/api_controller.rb": {
        "lines": [
          null,
          null,
          1,
          1,
          1,
          null,
          1,
          6,
          6,
          6,
          6,
          null,
          null,
          null
        ]
      },
      "/home/emerson/Development/Ruby/bookshelf/app/controllers/application_controller.rb": {
        "lines": [
          null,
          null,
          1,
          1,
          null,
          1,
          null,
          1,
          0,
          null,
          null
        ]
      },
      "/home/emerson/Development/Ruby/bookshelf/app/controllers/concerns/authenticatable.rb": {
        "lines": [
          null,
          null,
          1,
          1,
          null,
          1,
          1,
          1,
          null,
          null
        ]
      }
    },
    "timestamp": 1671312400
  }
}
